0 info it worked if it ends with ok
1 verbose cli [ 'C:\\Users\\pnelgex\\AppData\\Roaming\\Microsoft\\VisualStudio\\MDA\\vs-npm\\2.14.9\\\\node.exe',
1 verbose cli   'C:\\Users\\pnelgex\\AppData\\Roaming\\npm\\node_modules\\npm\\bin\\npm-cli.js',
1 verbose cli   'install',
1 verbose cli   'node-gcm',
1 verbose cli   '--save' ]
2 info using npm@3.10.6
3 info using node@v0.12.9
4 silly loadCurrentTree Starting
5 silly install loadCurrentTree
6 silly install readLocalPackageData
7 silly fetchPackageMetaData node-gcm
8 silly fetchNamedPackageData node-gcm
9 silly mapToRegistry name node-gcm
10 silly mapToRegistry using default registry
11 silly mapToRegistry registry https://registry.npmjs.org/
12 silly mapToRegistry data { raw: 'node-gcm',
12 silly mapToRegistry   scope: null,
12 silly mapToRegistry   escapedName: 'node-gcm',
12 silly mapToRegistry   name: 'node-gcm',
12 silly mapToRegistry   rawSpec: '',
12 silly mapToRegistry   spec: 'latest',
12 silly mapToRegistry   type: 'tag' }
13 silly mapToRegistry uri https://registry.npmjs.org/node-gcm
14 verbose request uri https://registry.npmjs.org/node-gcm
15 verbose request no auth needed
16 info attempt registry request try #1 at 12:31:49 AM
17 verbose request id c12fe2c7ac45699d
18 http request GET https://registry.npmjs.org/node-gcm
19 info retry will retry, error on last attempt: Error: tunneling socket could not be established, cause=connect ETIMEDOUT
20 info attempt registry request try #2 at 12:32:20 AM
21 http request GET https://registry.npmjs.org/node-gcm
22 info retry will retry, error on last attempt: Error: tunneling socket could not be established, cause=connect ETIMEDOUT
23 info attempt registry request try #3 at 12:33:41 AM
24 http request GET https://registry.npmjs.org/node-gcm
25 silly fetchPackageMetaData Error: tunneling socket could not be established, cause=connect ETIMEDOUT
25 silly fetchPackageMetaData     at ClientRequest.onError (C:\Users\pnelgex\AppData\Roaming\npm\node_modules\npm\node_modules\request\node_modules\tunnel-agent\index.js:176:17)
25 silly fetchPackageMetaData     at ClientRequest.g (events.js:199:16)
25 silly fetchPackageMetaData     at ClientRequest.emit (events.js:107:17)
25 silly fetchPackageMetaData     at Socket.socketErrorListener (_http_client.js:271:9)
25 silly fetchPackageMetaData     at Socket.emit (events.js:107:17)
25 silly fetchPackageMetaData     at net.js:459:14
25 silly fetchPackageMetaData     at process._tickCallback (node.js:355:11)
25 silly fetchPackageMetaData  error for node-gcm { [Error: tunneling socket could not be established, cause=connect ETIMEDOUT] code: 'ECONNRESET' }
26 silly rollbackFailedOptional Starting
27 silly rollbackFailedOptional Finishing
28 silly runTopLevelLifecycles Starting
29 silly runTopLevelLifecycles Finishing
30 silly install printInstalled
31 verbose stack Error: tunneling socket could not be established, cause=connect ETIMEDOUT
31 verbose stack     at ClientRequest.onError (C:\Users\pnelgex\AppData\Roaming\npm\node_modules\npm\node_modules\request\node_modules\tunnel-agent\index.js:176:17)
31 verbose stack     at ClientRequest.g (events.js:199:16)
31 verbose stack     at ClientRequest.emit (events.js:107:17)
31 verbose stack     at Socket.socketErrorListener (_http_client.js:271:9)
31 verbose stack     at Socket.emit (events.js:107:17)
31 verbose stack     at net.js:459:14
31 verbose stack     at process._tickCallback (node.js:355:11)
32 verbose cwd C:\FDEventApp\Code
33 error Windows_NT 6.3.9600
34 error argv "C:\\Users\\pnelgex\\AppData\\Roaming\\Microsoft\\VisualStudio\\MDA\\vs-npm\\2.14.9\\\\node.exe" "C:\\Users\\pnelgex\\AppData\\Roaming\\npm\\node_modules\\npm\\bin\\npm-cli.js" "install" "node-gcm" "--save"
35 error node v0.12.9
36 error npm  v3.10.6
37 error code ECONNRESET
38 error network tunneling socket could not be established, cause=connect ETIMEDOUT
39 error network This is most likely not a problem with npm itself
39 error network and is related to network connectivity.
39 error network In most cases you are behind a proxy or have bad network settings.
39 error network
39 error network If you are behind a proxy, please make sure that the
39 error network 'proxy' config is set properly.  See: 'npm help config'
40 verbose exit [ 1, true ]
